2026-3-25 15:20:11 - log: Load engine in C:\ProgramData\cocos\editors\Creator\3.8.8\resources\resources\3d\engine
2026-3-25 15:20:11 - log: Register native engine in C:\ProgramData\cocos\editors\Creator\3.8.8\resources\resources\3d\engine\native
2026-3-25 15:20:12 - log: Request namespace: device-list
2026-3-25 15:20:18 - info: [PreviewInEditor] 预览环境初始化完毕
2026-3-25 15:20:40 - log: [Scene] meshopt wasm decoder initialized
2026-3-25 15:20:40 - log: [Scene] [bullet]:bullet wasm lib loaded.
2026-3-25 15:20:40 - log: [Scene] [box2d]:box2d wasm lib loaded.
2026-3-25 15:20:40 - log: [Scene] [PHYSICS]: using builtin.
2026-3-25 15:20:40 - log: [Scene] Cocos Creator v3.8.8
2026-3-25 15:20:40 - log: [Scene] Using custom pipeline: Builtin
2026-3-25 15:21:54 - log: [PreviewInEditor] meshopt wasm decoder initialized
2026-3-25 15:21:54 - log: [PreviewInEditor] [bullet]:bullet wasm lib loaded.
2026-3-25 15:21:54 - log: [PreviewInEditor] [box2d]:box2d wasm lib loaded.
2026-3-25 15:21:54 - log: [PreviewInEditor] [PHYSICS]: using builtin.
2026-3-25 15:21:54 - log: [PreviewInEditor] Cocos Creator v3.8.8
2026-3-25 15:21:54 - log: [PreviewInEditor] Using custom pipeline: Builtin
2026-3-25 15:23:28 - warn: [PreviewInEditor] IPC message has been lost.Error: [PreviewInEditor] IPC message has been lost.
    at console.warn (C:\ProgramData\cocos\editors\Creator\3.8.8\resources\app.asar\node_modules\@sentry\core\src\utils-hoist\instrument\console.ts:40:14)
    at IpcRenderer.<anonymous> (C:\ProgramData\cocos\editors\Creator\3.8.8\resources\app.asar\builtin\scene\dist\script\3d\manager\ipc\web\webview.ccc:1:1464)
    at IpcRenderer.emit (node:events:519:28)
    at Object.onMessage (node:electron/js2c/renderer_init:2:8837)
2026-3-25 15:23:29 - info: [PreviewInEditor] 预览环境初始化完毕
