20:07:03.545 debug: 2025/9/20 20:07:03
20:07:03.545 debug: Project: D:\Works\Cocos\WxMiniGames\FlowersArrangement
20:07:03.545 debug: Targets: editor,preview
20:07:03.548 debug: Incremental file seems great.
20:07:03.549 debug: Engine path: C:\ProgramData\cocos\editors\Creator\3.8.7\resources\resources\3d\engine
20:07:03.564 debug: Initializing target [Editor]
20:07:03.564 debug: Loading cache
20:07:03.565 debug: Loading cache costs 1.2218999999995503ms.
20:07:03.566 debug: Engine features shipped in editor: base,gfx-webgl,gfx-webgl2,gfx-empty,gfx-webgpu,3d,animation,skeletal-animation,2d,rich-text,mask,graphics,ui-skew,ui,affine-transform,sorting-2d,particle,particle-2d,physics-framework,physics-cannon,physics-physx,physics-ammo,physics-builtin,physics-2d-framework,physics-2d-box2d-jsb,physics-2d-box2d,physics-2d-builtin,physics-2d-box2d-wasm,intersection-2d,primitive,profiler,occlusion-query,geometry-renderer,debug-renderer,audio,video,xr,light-probe,terrain,webview,tween,tiled-map,vendor-google,spine-3.8,spine-4.2,dragon-bones,marionette,procedural-animation,custom-pipeline,custom-pipeline-builtin-scripts,custom-pipeline-post-process,legacy-pipeline,websocket,websocket-server,meshopt
20:07:03.566 debug: Our import map(foo:/bar): {
  "imports": {
    "cc": "cce:/internal/x/cc"
  }
}
20:07:03.566 debug: Initializing target [Preview]
20:07:03.567 debug: Loading cache
20:07:03.568 debug: Loading cache costs 1.0786000000007334ms.
20:07:03.568 debug: Our import map(foo:/bar): {
  "imports": {
    "cc": "cce:/internal/x/cc"
  }
}
20:07:03.618 debug: Sync engine features: 2d,affine-transform,animation,audio,base,custom-pipeline,dragon-bones,gfx-webgl,gfx-webgl2,graphics,intersection-2d,mask,particle-2d,physics-2d-box2d,profiler,rich-text,spine-3.8,tiled-map,tween,ui,video,webview
20:07:03.621 debug: Reset databases. Enumerated domains: [
  {
    "root": "db://internal/",
    "physical": "C:\\ProgramData\\cocos\\editors\\Creator\\3.8.7\\resources\\resources\\3d\\engine\\editor\\assets"
  },
  {
    "root": "db://assets/",
    "physical": "D:\\Works\\Cocos\\WxMiniGames\\FlowersArrangement\\assets"
  }
]
20:07:03.621 debug: Our import map(foo:/bar): {
  "imports": {
    "cc": "cce:/internal/x/cc",
    "db://internal/": "file:///C:/ProgramData/cocos/editors/Creator/3.8.7/resources/resources/3d/engine/editor/assets/",
    "db://assets/": "file:///D:/Works/Cocos/WxMiniGames/FlowersArrangement/assets/"
  }
}
20:07:03.622 debug: Our import map(foo:/bar): {
  "imports": {
    "cc": "cce:/internal/x/cc",
    "db://internal/": "file:///C:/ProgramData/cocos/editors/Creator/3.8.7/resources/resources/3d/engine/editor/assets/",
    "db://assets/": "file:///D:/Works/Cocos/WxMiniGames/FlowersArrangement/assets/"
  }
}
20:07:03.623 debug: Pulling asset-db.
20:07:03.625 debug: Fetch asset-db cost: 1.9498999999996158ms.
20:07:03.626 debug: Build iteration starts.
Number of accumulated asset changes: 0
Feature changed: false
20:07:03.626 debug: Target(editor) build started.
20:07:03.629 debug: Detected change: cce:/internal/x/cc. Last mtime: Thu Jan 01 1970 08:00:04 GMT+0800 (香港标准时间), Current mtime: Thu Jan 01 1970 08:00:04 GMT+0800 (香港标准时间)
20:07:03.629 debug: Inspect cce:/internal/x/cc
20:07:03.704 debug: transform url: 'cce:/internal/x/cc' costs: 74.40 ms
20:07:03.705 debug: Resolve cce:/internal/x/cc-fu/base from cce:/internal/x/cc as external dependency cce:/internal/x/cc-fu/base.
20:07:03.705 debug: Resolve cce:/internal/x/cc-fu/gfx-webgl from cce:/internal/x/cc as external dependency cce:/internal/x/cc-fu/gfx-webgl.
20:07:03.705 debug: Resolve cce:/internal/x/cc-fu/gfx-webgl2 from cce:/internal/x/cc as external dependency cce:/internal/x/cc-fu/gfx-webgl2.
20:07:03.705 debug: Resolve cce:/internal/x/cc-fu/gfx-empty from cce:/internal/x/cc as external dependency cce:/internal/x/cc-fu/gfx-empty.
20:07:03.705 debug: Resolve cce:/internal/x/cc-fu/gfx-webgpu from cce:/internal/x/cc as external dependency cce:/internal/x/cc-fu/gfx-webgpu.
20:07:03.705 debug: Resolve cce:/internal/x/cc-fu/3d from cce:/internal/x/cc as external dependency cce:/internal/x/cc-fu/3d.
20:07:03.705 debug: Resolve cce:/internal/x/cc-fu/animation from cce:/internal/x/cc as external dependency cce:/internal/x/cc-fu/animation.
20:07:03.705 debug: Resolve cce:/internal/x/cc-fu/skeletal-animation from cce:/internal/x/cc as external dependency cce:/internal/x/cc-fu/skeletal-animation.
20:07:03.705 debug: Resolve cce:/internal/x/cc-fu/2d from cce:/internal/x/cc as external dependency cce:/internal/x/cc-fu/2d.
20:07:03.705 debug: Resolve cce:/internal/x/cc-fu/sorting from cce:/internal/x/cc as external dependency cce:/internal/x/cc-fu/sorting.
20:07:03.706 debug: Resolve cce:/internal/x/cc-fu/rich-text from cce:/internal/x/cc as external dependency cce:/internal/x/cc-fu/rich-text.
20:07:03.706 debug: Resolve cce:/internal/x/cc-fu/mask from cce:/internal/x/cc as external dependency cce:/internal/x/cc-fu/mask.
20:07:03.706 debug: Resolve cce:/internal/x/cc-fu/graphics from cce:/internal/x/cc as external dependency cce:/internal/x/cc-fu/graphics.
20:07:03.706 debug: Resolve cce:/internal/x/cc-fu/ui-skew from cce:/internal/x/cc as external dependency cce:/internal/x/cc-fu/ui-skew.
20:07:03.706 debug: Resolve cce:/internal/x/cc-fu/ui from cce:/internal/x/cc as external dependency cce:/internal/x/cc-fu/ui.
20:07:03.706 debug: Resolve cce:/internal/x/cc-fu/affine-transform from cce:/internal/x/cc as external dependency cce:/internal/x/cc-fu/affine-transform.
20:07:03.706 debug: Resolve cce:/internal/x/cc-fu/sorting-2d from cce:/internal/x/cc as external dependency cce:/internal/x/cc-fu/sorting-2d.
20:07:03.706 debug: Resolve cce:/internal/x/cc-fu/particle from cce:/internal/x/cc as external dependency cce:/internal/x/cc-fu/particle.
20:07:03.706 debug: Resolve cce:/internal/x/cc-fu/particle-2d from cce:/internal/x/cc as external dependency cce:/internal/x/cc-fu/particle-2d.
20:07:03.706 debug: Resolve cce:/internal/x/cc-fu/physics-framework from cce:/internal/x/cc as external dependency cce:/internal/x/cc-fu/physics-framework.
20:07:03.706 debug: Resolve cce:/internal/x/cc-fu/physics-cannon from cce:/internal/x/cc as external dependency cce:/internal/x/cc-fu/physics-cannon.
20:07:03.706 debug: Resolve cce:/internal/x/cc-fu/physics-physx from cce:/internal/x/cc as external dependency cce:/internal/x/cc-fu/physics-physx.
20:07:03.706 debug: Resolve cce:/internal/x/cc-fu/physics-ammo from cce:/internal/x/cc as external dependency cce:/internal/x/cc-fu/physics-ammo.
20:07:03.706 debug: Resolve cce:/internal/x/cc-fu/physics-builtin from cce:/internal/x/cc as external dependency cce:/internal/x/cc-fu/physics-builtin.
20:07:03.706 debug: Resolve cce:/internal/x/cc-fu/physics-2d-framework from cce:/internal/x/cc as external dependency cce:/internal/x/cc-fu/physics-2d-framework.
20:07:03.706 debug: Resolve cce:/internal/x/cc-fu/physics-2d-box2d-jsb from cce:/internal/x/cc as external dependency cce:/internal/x/cc-fu/physics-2d-box2d-jsb.
20:07:03.706 debug: Resolve cce:/internal/x/cc-fu/physics-2d-box2d from cce:/internal/x/cc as external dependency cce:/internal/x/cc-fu/physics-2d-box2d.
20:07:03.706 debug: Resolve cce:/internal/x/cc-fu/physics-2d-builtin from cce:/internal/x/cc as external dependency cce:/internal/x/cc-fu/physics-2d-builtin.
20:07:03.706 debug: Resolve cce:/internal/x/cc-fu/physics-2d-box2d-wasm from cce:/internal/x/cc as external dependency cce:/internal/x/cc-fu/physics-2d-box2d-wasm.
20:07:03.706 debug: Resolve cce:/internal/x/cc-fu/intersection-2d from cce:/internal/x/cc as external dependency cce:/internal/x/cc-fu/intersection-2d.
20:07:03.706 debug: Resolve cce:/internal/x/cc-fu/primitive from cce:/internal/x/cc as external dependency cce:/internal/x/cc-fu/primitive.
20:07:03.706 debug: Resolve cce:/internal/x/cc-fu/profiler from cce:/internal/x/cc as external dependency cce:/internal/x/cc-fu/profiler.
20:07:03.706 debug: Resolve cce:/internal/x/cc-fu/geometry-renderer from cce:/internal/x/cc as external dependency cce:/internal/x/cc-fu/geometry-renderer.
20:07:03.707 debug: Resolve cce:/internal/x/cc-fu/audio from cce:/internal/x/cc as external dependency cce:/internal/x/cc-fu/audio.
20:07:03.707 debug: Resolve cce:/internal/x/cc-fu/video from cce:/internal/x/cc as external dependency cce:/internal/x/cc-fu/video.
20:07:03.707 debug: Resolve cce:/internal/x/cc-fu/xr from cce:/internal/x/cc as external dependency cce:/internal/x/cc-fu/xr.
20:07:03.707 debug: Resolve cce:/internal/x/cc-fu/light-probe from cce:/internal/x/cc as external dependency cce:/internal/x/cc-fu/light-probe.
20:07:03.707 debug: Resolve cce:/internal/x/cc-fu/terrain from cce:/internal/x/cc as external dependency cce:/internal/x/cc-fu/terrain.
20:07:03.707 debug: Resolve cce:/internal/x/cc-fu/webview from cce:/internal/x/cc as external dependency cce:/internal/x/cc-fu/webview.
20:07:03.707 debug: Resolve cce:/internal/x/cc-fu/tween from cce:/internal/x/cc as external dependency cce:/internal/x/cc-fu/tween.
20:07:03.707 debug: Resolve cce:/internal/x/cc-fu/tiled-map from cce:/internal/x/cc as external dependency cce:/internal/x/cc-fu/tiled-map.
20:07:03.707 debug: Resolve cce:/internal/x/cc-fu/vendor-google from cce:/internal/x/cc as external dependency cce:/internal/x/cc-fu/vendor-google.
20:07:03.707 debug: Resolve cce:/internal/x/cc-fu/spine from cce:/internal/x/cc as external dependency cce:/internal/x/cc-fu/spine.
20:07:03.707 debug: Resolve cce:/internal/x/cc-fu/dragon-bones from cce:/internal/x/cc as external dependency cce:/internal/x/cc-fu/dragon-bones.
20:07:03.707 debug: Resolve cce:/internal/x/cc-fu/custom-pipeline from cce:/internal/x/cc as external dependency cce:/internal/x/cc-fu/custom-pipeline.
20:07:03.707 debug: Resolve cce:/internal/x/cc-fu/custom-pipeline-post-process from cce:/internal/x/cc as external dependency cce:/internal/x/cc-fu/custom-pipeline-post-process.
20:07:03.707 debug: Resolve cce:/internal/x/cc-fu/legacy-pipeline from cce:/internal/x/cc as external dependency cce:/internal/x/cc-fu/legacy-pipeline.
20:07:03.707 debug: Detected change: cce:/internal/x/prerequisite-imports. Last mtime: Thu Jan 01 1970 13:13:55 GMT+0800 (香港标准时间), Current mtime: Thu Jan 01 1970 08:00:04 GMT+0800 (香港标准时间)
20:07:03.707 debug: Inspect cce:/internal/x/prerequisite-imports
20:07:03.724 debug: transform url: 'cce:/internal/x/prerequisite-imports' costs: 17.00 ms
20:07:03.748 debug: Target(editor) ends with cost 121.85490000000027ms.
20:07:03.749 debug: Target(preview) build started.
20:07:03.751 debug: Detected change: cce:/internal/x/cc. Last mtime: Thu Jan 01 1970 08:00:04 GMT+0800 (香港标准时间), Current mtime: Thu Jan 01 1970 08:00:04 GMT+0800 (香港标准时间)
20:07:03.751 debug: Inspect cce:/internal/x/cc
20:07:03.786 debug: transform url: 'cce:/internal/x/cc' costs: 34.70 ms
20:07:03.787 debug: Resolve cce:/internal/x/cc-fu/2d from cce:/internal/x/cc as external dependency cce:/internal/x/cc-fu/2d.
20:07:03.787 debug: Resolve cce:/internal/x/cc-fu/sorting from cce:/internal/x/cc as external dependency cce:/internal/x/cc-fu/sorting.
20:07:03.787 debug: Resolve cce:/internal/x/cc-fu/affine-transform from cce:/internal/x/cc as external dependency cce:/internal/x/cc-fu/affine-transform.
20:07:03.787 debug: Resolve cce:/internal/x/cc-fu/animation from cce:/internal/x/cc as external dependency cce:/internal/x/cc-fu/animation.
20:07:03.787 debug: Resolve cce:/internal/x/cc-fu/audio from cce:/internal/x/cc as external dependency cce:/internal/x/cc-fu/audio.
20:07:03.787 debug: Resolve cce:/internal/x/cc-fu/base from cce:/internal/x/cc as external dependency cce:/internal/x/cc-fu/base.
20:07:03.787 debug: Resolve cce:/internal/x/cc-fu/custom-pipeline from cce:/internal/x/cc as external dependency cce:/internal/x/cc-fu/custom-pipeline.
20:07:03.787 debug: Resolve cce:/internal/x/cc-fu/dragon-bones from cce:/internal/x/cc as external dependency cce:/internal/x/cc-fu/dragon-bones.
20:07:03.787 debug: Resolve cce:/internal/x/cc-fu/gfx-webgl from cce:/internal/x/cc as external dependency cce:/internal/x/cc-fu/gfx-webgl.
20:07:03.787 debug: Resolve cce:/internal/x/cc-fu/gfx-webgl2 from cce:/internal/x/cc as external dependency cce:/internal/x/cc-fu/gfx-webgl2.
20:07:03.787 debug: Resolve cce:/internal/x/cc-fu/graphics from cce:/internal/x/cc as external dependency cce:/internal/x/cc-fu/graphics.
20:07:03.787 debug: Resolve cce:/internal/x/cc-fu/intersection-2d from cce:/internal/x/cc as external dependency cce:/internal/x/cc-fu/intersection-2d.
20:07:03.787 debug: Resolve cce:/internal/x/cc-fu/mask from cce:/internal/x/cc as external dependency cce:/internal/x/cc-fu/mask.
20:07:03.787 debug: Resolve cce:/internal/x/cc-fu/particle-2d from cce:/internal/x/cc as external dependency cce:/internal/x/cc-fu/particle-2d.
20:07:03.787 debug: Resolve cce:/internal/x/cc-fu/physics-2d-box2d from cce:/internal/x/cc as external dependency cce:/internal/x/cc-fu/physics-2d-box2d.
20:07:03.787 debug: Resolve cce:/internal/x/cc-fu/physics-2d-framework from cce:/internal/x/cc as external dependency cce:/internal/x/cc-fu/physics-2d-framework.
20:07:03.787 debug: Resolve cce:/internal/x/cc-fu/profiler from cce:/internal/x/cc as external dependency cce:/internal/x/cc-fu/profiler.
20:07:03.787 debug: Resolve cce:/internal/x/cc-fu/rich-text from cce:/internal/x/cc as external dependency cce:/internal/x/cc-fu/rich-text.
20:07:03.787 debug: Resolve cce:/internal/x/cc-fu/spine from cce:/internal/x/cc as external dependency cce:/internal/x/cc-fu/spine.
20:07:03.788 debug: Resolve cce:/internal/x/cc-fu/tiled-map from cce:/internal/x/cc as external dependency cce:/internal/x/cc-fu/tiled-map.
20:07:03.788 debug: Resolve cce:/internal/x/cc-fu/tween from cce:/internal/x/cc as external dependency cce:/internal/x/cc-fu/tween.
20:07:03.788 debug: Resolve cce:/internal/x/cc-fu/ui from cce:/internal/x/cc as external dependency cce:/internal/x/cc-fu/ui.
20:07:03.788 debug: Resolve cce:/internal/x/cc-fu/video from cce:/internal/x/cc as external dependency cce:/internal/x/cc-fu/video.
20:07:03.788 debug: Resolve cce:/internal/x/cc-fu/webview from cce:/internal/x/cc as external dependency cce:/internal/x/cc-fu/webview.
20:07:03.788 debug: Detected change: cce:/internal/x/prerequisite-imports. Last mtime: Thu Jan 01 1970 13:13:55 GMT+0800 (香港标准时间), Current mtime: Thu Jan 01 1970 08:00:04 GMT+0800 (香港标准时间)
20:07:03.788 debug: Inspect cce:/internal/x/prerequisite-imports
20:07:03.802 debug: transform url: 'cce:/internal/x/prerequisite-imports' costs: 13.70 ms
20:07:03.806 debug: Target(preview) ends with cost 56.89630000000034ms.
20:07:04.693 debug: Pulling asset-db.
20:07:05.053 debug: Fetch asset-db cost: 360.34130000000005ms.
20:07:05.055 debug: Build iteration starts.
Number of accumulated asset changes: 19
Feature changed: false
20:07:05.055 debug: Target(editor) build started.
20:07:05.058 debug: Detected change: cce:/internal/x/prerequisite-imports. Last mtime: Thu Jan 01 1970 08:00:04 GMT+0800 (香港标准时间), Current mtime: Thu Jan 01 1970 08:00:06 GMT+0800 (香港标准时间)
20:07:05.058 debug: Inspect cce:/internal/x/prerequisite-imports
20:07:05.079 debug: transform url: 'cce:/internal/x/prerequisite-imports' costs: 21.30 ms
20:07:05.081 debug: Resolve file:///C:/ProgramData/cocos/editors/Creator/3.8.7/resources/resources/3d/engine/editor/assets/default_renderpipeline/builtin-dof-pass.ts from cce:/internal/x/prerequisite-imports as file:///C:/ProgramData/cocos/editors/Creator/3.8.7/resources/resources/3d/engine/editor/assets/default_renderpipeline/builtin-dof-pass.ts.
20:07:05.081 debug: Resolve file:///C:/ProgramData/cocos/editors/Creator/3.8.7/resources/resources/3d/engine/editor/assets/default_renderpipeline/builtin-pipeline-pass.ts from cce:/internal/x/prerequisite-imports as file:///C:/ProgramData/cocos/editors/Creator/3.8.7/resources/resources/3d/engine/editor/assets/default_renderpipeline/builtin-pipeline-pass.ts.
20:07:05.082 debug: Resolve file:///C:/ProgramData/cocos/editors/Creator/3.8.7/resources/resources/3d/engine/editor/assets/default_renderpipeline/builtin-pipeline-settings.ts from cce:/internal/x/prerequisite-imports as file:///C:/ProgramData/cocos/editors/Creator/3.8.7/resources/resources/3d/engine/editor/assets/default_renderpipeline/builtin-pipeline-settings.ts.
20:07:05.084 debug: Resolve file:///C:/ProgramData/cocos/editors/Creator/3.8.7/resources/resources/3d/engine/editor/assets/default_renderpipeline/builtin-pipeline-types.ts from cce:/internal/x/prerequisite-imports as file:///C:/ProgramData/cocos/editors/Creator/3.8.7/resources/resources/3d/engine/editor/assets/default_renderpipeline/builtin-pipeline-types.ts.
20:07:05.084 debug: Resolve file:///C:/ProgramData/cocos/editors/Creator/3.8.7/resources/resources/3d/engine/editor/assets/default_renderpipeline/builtin-pipeline.ts from cce:/internal/x/prerequisite-imports as file:///C:/ProgramData/cocos/editors/Creator/3.8.7/resources/resources/3d/engine/editor/assets/default_renderpipeline/builtin-pipeline.ts.
20:07:05.085 debug: Resolve file:///C:/ProgramData/cocos/editors/Creator/3.8.7/resources/resources/3d/engine/editor/assets/tools/debug-view-runtime-control.ts from cce:/internal/x/prerequisite-imports as file:///C:/ProgramData/cocos/editors/Creator/3.8.7/resources/resources/3d/engine/editor/assets/tools/debug-view-runtime-control.ts.
20:07:05.085 debug: Resolve file:///D:/Works/Cocos/WxMiniGames/FlowersArrangement/assets/scripts/Config/Config.ts from cce:/internal/x/prerequisite-imports as file:///D:/Works/Cocos/WxMiniGames/FlowersArrangement/assets/scripts/Config/Config.ts.
20:07:05.086 debug: Resolve file:///D:/Works/Cocos/WxMiniGames/FlowersArrangement/assets/scripts/Core/GameManager.ts from cce:/internal/x/prerequisite-imports as file:///D:/Works/Cocos/WxMiniGames/FlowersArrangement/assets/scripts/Core/GameManager.ts.
20:07:05.086 debug: Resolve file:///D:/Works/Cocos/WxMiniGames/FlowersArrangement/assets/scripts/Core/UIBase.ts from cce:/internal/x/prerequisite-imports as file:///D:/Works/Cocos/WxMiniGames/FlowersArrangement/assets/scripts/Core/UIBase.ts.
20:07:05.087 debug: Resolve file:///D:/Works/Cocos/WxMiniGames/FlowersArrangement/assets/scripts/Core/UIManager.ts from cce:/internal/x/prerequisite-imports as file:///D:/Works/Cocos/WxMiniGames/FlowersArrangement/assets/scripts/Core/UIManager.ts.
20:07:05.087 debug: Resolve file:///D:/Works/Cocos/WxMiniGames/FlowersArrangement/assets/scripts/Launcher.ts from cce:/internal/x/prerequisite-imports as file:///D:/Works/Cocos/WxMiniGames/FlowersArrangement/assets/scripts/Launcher.ts.
20:07:05.088 debug: Resolve file:///D:/Works/Cocos/WxMiniGames/FlowersArrangement/assets/scripts/ScreenAdapter.ts from cce:/internal/x/prerequisite-imports as file:///D:/Works/Cocos/WxMiniGames/FlowersArrangement/assets/scripts/ScreenAdapter.ts.
20:07:05.088 debug: Resolve file:///D:/Works/Cocos/WxMiniGames/FlowersArrangement/assets/scripts/UIScripts/FlowerMove.ts from cce:/internal/x/prerequisite-imports as file:///D:/Works/Cocos/WxMiniGames/FlowersArrangement/assets/scripts/UIScripts/FlowerMove.ts.
20:07:05.089 debug: Resolve file:///D:/Works/Cocos/WxMiniGames/FlowersArrangement/assets/scripts/UIScripts/FlowerPlatform.ts from cce:/internal/x/prerequisite-imports as file:///D:/Works/Cocos/WxMiniGames/FlowersArrangement/assets/scripts/UIScripts/FlowerPlatform.ts.
20:07:05.089 debug: Resolve file:///D:/Works/Cocos/WxMiniGames/FlowersArrangement/assets/scripts/UIScripts/GamePage.ts from cce:/internal/x/prerequisite-imports as file:///D:/Works/Cocos/WxMiniGames/FlowersArrangement/assets/scripts/UIScripts/GamePage.ts.
20:07:05.089 debug: Resolve file:///D:/Works/Cocos/WxMiniGames/FlowersArrangement/assets/scripts/UIScripts/GamePanel.ts from cce:/internal/x/prerequisite-imports as file:///D:/Works/Cocos/WxMiniGames/FlowersArrangement/assets/scripts/UIScripts/GamePanel.ts.
20:07:05.090 debug: Resolve file:///D:/Works/Cocos/WxMiniGames/FlowersArrangement/assets/scripts/UIScripts/LoadingPanel.ts from cce:/internal/x/prerequisite-imports as file:///D:/Works/Cocos/WxMiniGames/FlowersArrangement/assets/scripts/UIScripts/LoadingPanel.ts.
20:07:05.090 debug: Resolve file:///D:/Works/Cocos/WxMiniGames/FlowersArrangement/assets/scripts/UIScripts/MainPanel.ts from cce:/internal/x/prerequisite-imports as file:///D:/Works/Cocos/WxMiniGames/FlowersArrangement/assets/scripts/UIScripts/MainPanel.ts.
20:07:05.091 debug: Resolve file:///D:/Works/Cocos/WxMiniGames/FlowersArrangement/assets/scripts/UIScripts/UIData.ts from cce:/internal/x/prerequisite-imports as file:///D:/Works/Cocos/WxMiniGames/FlowersArrangement/assets/scripts/UIScripts/UIData.ts.
20:07:05.091 debug: Detected change: cce:/internal/code-quality/cr.mjs. Last mtime: Sat Sep 20 2025 14:51:47 GMT+0800 (香港标准时间), Current mtime: Sat Sep 20 2025 20:06:58 GMT+0800 (香港标准时间)
20:07:05.091 debug: Inspect cce:/internal/code-quality/cr.mjs
20:07:05.109 debug: transform url: 'cce:/internal/code-quality/cr.mjs' costs: 18.00 ms
20:07:05.122 debug: Target(editor) ends with cost 66.38909999999942ms.
20:07:05.122 debug: Target(preview) build started.
20:07:05.125 debug: Detected change: cce:/internal/x/prerequisite-imports. Last mtime: Thu Jan 01 1970 08:00:04 GMT+0800 (香港标准时间), Current mtime: Thu Jan 01 1970 08:00:06 GMT+0800 (香港标准时间)
20:07:05.125 debug: Inspect cce:/internal/x/prerequisite-imports
20:07:05.141 debug: transform url: 'cce:/internal/x/prerequisite-imports' costs: 15.70 ms
20:07:05.142 debug: Resolve file:///C:/ProgramData/cocos/editors/Creator/3.8.7/resources/resources/3d/engine/editor/assets/default_renderpipeline/builtin-dof-pass.ts from cce:/internal/x/prerequisite-imports as file:///C:/ProgramData/cocos/editors/Creator/3.8.7/resources/resources/3d/engine/editor/assets/default_renderpipeline/builtin-dof-pass.ts.
20:07:05.143 debug: Resolve file:///C:/ProgramData/cocos/editors/Creator/3.8.7/resources/resources/3d/engine/editor/assets/default_renderpipeline/builtin-pipeline-pass.ts from cce:/internal/x/prerequisite-imports as file:///C:/ProgramData/cocos/editors/Creator/3.8.7/resources/resources/3d/engine/editor/assets/default_renderpipeline/builtin-pipeline-pass.ts.
20:07:05.144 debug: Resolve file:///C:/ProgramData/cocos/editors/Creator/3.8.7/resources/resources/3d/engine/editor/assets/default_renderpipeline/builtin-pipeline-settings.ts from cce:/internal/x/prerequisite-imports as file:///C:/ProgramData/cocos/editors/Creator/3.8.7/resources/resources/3d/engine/editor/assets/default_renderpipeline/builtin-pipeline-settings.ts.
20:07:05.144 debug: Resolve file:///C:/ProgramData/cocos/editors/Creator/3.8.7/resources/resources/3d/engine/editor/assets/default_renderpipeline/builtin-pipeline-types.ts from cce:/internal/x/prerequisite-imports as file:///C:/ProgramData/cocos/editors/Creator/3.8.7/resources/resources/3d/engine/editor/assets/default_renderpipeline/builtin-pipeline-types.ts.
20:07:05.145 debug: Resolve file:///C:/ProgramData/cocos/editors/Creator/3.8.7/resources/resources/3d/engine/editor/assets/default_renderpipeline/builtin-pipeline.ts from cce:/internal/x/prerequisite-imports as file:///C:/ProgramData/cocos/editors/Creator/3.8.7/resources/resources/3d/engine/editor/assets/default_renderpipeline/builtin-pipeline.ts.
20:07:05.145 debug: Resolve file:///C:/ProgramData/cocos/editors/Creator/3.8.7/resources/resources/3d/engine/editor/assets/tools/debug-view-runtime-control.ts from cce:/internal/x/prerequisite-imports as file:///C:/ProgramData/cocos/editors/Creator/3.8.7/resources/resources/3d/engine/editor/assets/tools/debug-view-runtime-control.ts.
20:07:05.146 debug: Resolve file:///D:/Works/Cocos/WxMiniGames/FlowersArrangement/assets/scripts/Config/Config.ts from cce:/internal/x/prerequisite-imports as file:///D:/Works/Cocos/WxMiniGames/FlowersArrangement/assets/scripts/Config/Config.ts.
20:07:05.146 debug: Resolve file:///D:/Works/Cocos/WxMiniGames/FlowersArrangement/assets/scripts/Core/GameManager.ts from cce:/internal/x/prerequisite-imports as file:///D:/Works/Cocos/WxMiniGames/FlowersArrangement/assets/scripts/Core/GameManager.ts.
20:07:05.147 debug: Resolve file:///D:/Works/Cocos/WxMiniGames/FlowersArrangement/assets/scripts/Core/UIBase.ts from cce:/internal/x/prerequisite-imports as file:///D:/Works/Cocos/WxMiniGames/FlowersArrangement/assets/scripts/Core/UIBase.ts.
20:07:05.147 debug: Resolve file:///D:/Works/Cocos/WxMiniGames/FlowersArrangement/assets/scripts/Core/UIManager.ts from cce:/internal/x/prerequisite-imports as file:///D:/Works/Cocos/WxMiniGames/FlowersArrangement/assets/scripts/Core/UIManager.ts.
20:07:05.148 debug: Resolve file:///D:/Works/Cocos/WxMiniGames/FlowersArrangement/assets/scripts/Launcher.ts from cce:/internal/x/prerequisite-imports as file:///D:/Works/Cocos/WxMiniGames/FlowersArrangement/assets/scripts/Launcher.ts.
20:07:05.148 debug: Resolve file:///D:/Works/Cocos/WxMiniGames/FlowersArrangement/assets/scripts/ScreenAdapter.ts from cce:/internal/x/prerequisite-imports as file:///D:/Works/Cocos/WxMiniGames/FlowersArrangement/assets/scripts/ScreenAdapter.ts.
20:07:05.148 debug: Resolve file:///D:/Works/Cocos/WxMiniGames/FlowersArrangement/assets/scripts/UIScripts/FlowerMove.ts from cce:/internal/x/prerequisite-imports as file:///D:/Works/Cocos/WxMiniGames/FlowersArrangement/assets/scripts/UIScripts/FlowerMove.ts.
20:07:05.149 debug: Resolve file:///D:/Works/Cocos/WxMiniGames/FlowersArrangement/assets/scripts/UIScripts/FlowerPlatform.ts from cce:/internal/x/prerequisite-imports as file:///D:/Works/Cocos/WxMiniGames/FlowersArrangement/assets/scripts/UIScripts/FlowerPlatform.ts.
20:07:05.149 debug: Resolve file:///D:/Works/Cocos/WxMiniGames/FlowersArrangement/assets/scripts/UIScripts/GamePage.ts from cce:/internal/x/prerequisite-imports as file:///D:/Works/Cocos/WxMiniGames/FlowersArrangement/assets/scripts/UIScripts/GamePage.ts.
20:07:05.150 debug: Resolve file:///D:/Works/Cocos/WxMiniGames/FlowersArrangement/assets/scripts/UIScripts/GamePanel.ts from cce:/internal/x/prerequisite-imports as file:///D:/Works/Cocos/WxMiniGames/FlowersArrangement/assets/scripts/UIScripts/GamePanel.ts.
20:07:05.150 debug: Resolve file:///D:/Works/Cocos/WxMiniGames/FlowersArrangement/assets/scripts/UIScripts/LoadingPanel.ts from cce:/internal/x/prerequisite-imports as file:///D:/Works/Cocos/WxMiniGames/FlowersArrangement/assets/scripts/UIScripts/LoadingPanel.ts.
20:07:05.151 debug: Resolve file:///D:/Works/Cocos/WxMiniGames/FlowersArrangement/assets/scripts/UIScripts/MainPanel.ts from cce:/internal/x/prerequisite-imports as file:///D:/Works/Cocos/WxMiniGames/FlowersArrangement/assets/scripts/UIScripts/MainPanel.ts.
20:07:05.151 debug: Resolve file:///D:/Works/Cocos/WxMiniGames/FlowersArrangement/assets/scripts/UIScripts/UIData.ts from cce:/internal/x/prerequisite-imports as file:///D:/Works/Cocos/WxMiniGames/FlowersArrangement/assets/scripts/UIScripts/UIData.ts.
20:07:05.151 debug: Detected change: cce:/internal/code-quality/cr.mjs. Last mtime: Sat Sep 20 2025 14:51:47 GMT+0800 (香港标准时间), Current mtime: Sat Sep 20 2025 20:06:58 GMT+0800 (香港标准时间)
20:07:05.152 debug: Inspect cce:/internal/code-quality/cr.mjs
20:07:05.165 debug: transform url: 'cce:/internal/code-quality/cr.mjs' costs: 13.30 ms
20:07:05.178 debug: Target(preview) ends with cost 55.562300000000505ms.
