2025-9-20 14:49:48-log: Cannot access game frame or container.
2025-9-20 14:49:49-debug: asset-db:require-engine-code (534ms)
2025-9-20 14:49:49-log: meshopt wasm decoder initialized
2025-9-20 14:49:49-log: [box2d]:box2d wasm lib loaded.
2025-9-20 14:49:49-log: [bullet]:bullet wasm lib loaded.
2025-9-20 14:49:49-log: Cocos Creator v3.8.7
2025-9-20 14:49:49-log: Using legacy pipeline
2025-9-20 14:49:49-log: Forward render pipeline initialized.
2025-9-20 14:49:49-debug: [Assets Memory track]: asset-db:worker-init: initEngine start:29.09MB, end 79.72MB, increase: 50.63MB
2025-9-20 14:49:50-debug: [Assets Memory track]: asset-db:worker-init: initPlugin start:79.80MB, end 275.88MB, increase: 196.08MB
2025-9-20 14:49:50-debug: run package(ohos) handler(enable) success!
2025-9-20 14:49:50-debug: run package(oppo-mini-game) handler(enable) start
2025-9-20 14:49:50-debug: run package(runtime-dev-tools) handler(enable) start
2025-9-20 14:49:50-debug: run package(ohos) handler(enable) start
2025-9-20 14:49:50-debug: run package(runtime-dev-tools) handler(enable) success!
2025-9-20 14:49:50-debug: run package(oppo-mini-game) handler(enable) success!
2025-9-20 14:49:50-debug: run package(taobao-mini-game) handler(enable) success!
2025-9-20 14:49:50-debug: run package(vivo-mini-game) handler(enable) success!
2025-9-20 14:49:50-debug: run package(taobao-mini-game) handler(enable) start
2025-9-20 14:49:50-debug: run package(web-desktop) handler(enable) start
2025-9-20 14:49:50-debug: run package(vivo-mini-game) handler(enable) start
2025-9-20 14:49:50-debug: run package(web-mobile) handler(enable) success!
2025-9-20 14:49:50-debug: run package(web-desktop) handler(enable) success!
2025-9-20 14:49:50-debug: run package(wechatgame) handler(enable) start
2025-9-20 14:49:50-debug: run package(wechatgame) handler(enable) success!
2025-9-20 14:49:50-debug: run package(windows) handler(enable) start
2025-9-20 14:49:50-debug: run package(wechatprogram) handler(enable) success!
2025-9-20 14:49:50-debug: run package(web-mobile) handler(enable) start
2025-9-20 14:49:50-debug: run package(wechatprogram) handler(enable) start
2025-9-20 14:49:50-debug: run package(xiaomi-quick-game) handler(enable) start
2025-9-20 14:49:50-debug: run package(xiaomi-quick-game) handler(enable) success!
2025-9-20 14:49:50-debug: run package(cocos-service) handler(enable) start
2025-9-20 14:49:50-debug: run package(im-plugin) handler(enable) start
2025-9-20 14:49:50-debug: run package(im-plugin) handler(enable) success!
2025-9-20 14:49:50-debug: run package(placeholder) handler(enable) start
2025-9-20 14:49:50-debug: run package(cocos-service) handler(enable) success!
2025-9-20 14:49:50-debug: run package(placeholder) handler(enable) success!
2025-9-20 14:49:50-debug: asset-db:worker-init: initPlugin (1389ms)
2025-9-20 14:49:50-debug: run package(windows) handler(enable) success!
2025-9-20 14:49:50-debug: [Assets Memory track]: asset-db:worker-init start:29.08MB, end 273.43MB, increase: 244.34MB
2025-9-20 14:49:50-debug: Run asset db hook programming:beforePreStart ...
2025-9-20 14:49:50-debug: Run asset db hook programming:beforePreStart success!
2025-9-20 14:49:50-debug: Preimport db  success
2025-9-20 14:49:50-debug: Run asset db hook engine-extends:beforePreStart ...
2025-9-20 14:49:50-debug: Run asset db hook engine-extends:beforePreStart success!
2025-9-20 14:49:50-debug: Preimport db  success
2025-9-20 14:49:50-debug: Run asset db hook programming:afterPreStart ...
2025-9-20 14:49:50-debug: starting packer-driver...
2025-9-20 14:49:50-debug: asset-db:worker-init (2067ms)
2025-9-20 14:49:50-debug: asset-db-hook-programming-beforePreStart (23ms)
2025-9-20 14:49:50-debug: asset-db-hook-engine-extends-beforePreStart (22ms)
2025-9-20 14:49:51-debug: initialize scripting environment...
2025-9-20 14:49:51-debug: [[Executor]] prepare before lock
2025-9-20 14:49:51-debug: Set detail map pack:///resolution-detail-map.json: {}
2025-9-20 14:49:51-debug: [[Executor]] prepare after unlock
2025-9-20 14:49:51-debug: Run asset db hook engine-extends:afterPreStart ...
2025-9-20 14:49:51-debug: Run asset db hook engine-extends:afterPreStart success!
2025-9-20 14:49:51-debug: Start up the 'internal' database...
2025-9-20 14:49:51-debug: Run asset db hook programming:afterPreStart success!
2025-9-20 14:49:51-debug: [Assets Memory track]: asset-db:worker-init: preStart start:273.44MB, end 274.81MB, increase: 1.37MB
2025-9-20 14:49:51-debug: asset-db:worker-effect-data-processing (58ms)
2025-9-20 14:49:51-debug: asset-db-hook-programming-afterPreStart (531ms)
2025-9-20 14:49:51-debug: asset-db-hook-engine-extends-afterPreStart (58ms)
2025-9-20 14:49:51-debug: Run asset db hook engine-extends:afterStartDB ...
2025-9-20 14:49:51-debug: recompile effect.bin success
2025-9-20 14:49:51-debug: Run asset db hook engine-extends:afterStartDB success!
2025-9-20 14:49:51-debug: Start up the 'assets' database...
2025-9-20 14:49:51-debug: asset-db:worker-effect-data-processing (246ms)
2025-9-20 14:49:51-debug: asset-db-hook-engine-extends-afterStartDB (246ms)
2025-9-20 14:49:51-debug: Run asset db hook engine-extends:afterStartDB ...
2025-9-20 14:49:51-debug: recompile effect.bin success
2025-9-20 14:49:51-debug: Run asset db hook engine-extends:afterStartDB success!
2025-9-20 14:49:51-debug: [Assets Memory track]: asset-db:worker-init: startup start:274.82MB, end 318.83MB, increase: 44.01MB
2025-9-20 14:49:51-debug: lazy register asset handler text
2025-9-20 14:49:51-debug: lazy register asset handler directory
2025-9-20 14:49:51-debug: lazy register asset handler spine-data
2025-9-20 14:49:51-debug: lazy register asset handler dragonbones
2025-9-20 14:49:51-debug: lazy register asset handler dragonbones-atlas
2025-9-20 14:49:51-debug: lazy register asset handler *
2025-9-20 14:49:51-debug: lazy register asset handler json
2025-9-20 14:49:51-debug: lazy register asset handler typescript
2025-9-20 14:49:51-debug: lazy register asset handler terrain
2025-9-20 14:49:51-debug: lazy register asset handler javascript
2025-9-20 14:49:51-debug: lazy register asset handler sprite-frame
2025-9-20 14:49:51-debug: lazy register asset handler scene
2025-9-20 14:49:51-debug: lazy register asset handler tiled-map
2025-9-20 14:49:51-debug: lazy register asset handler prefab
2025-9-20 14:49:51-debug: lazy register asset handler sign-image
2025-9-20 14:49:51-debug: lazy register asset handler image
2025-9-20 14:49:51-debug: lazy register asset handler buffer
2025-9-20 14:49:51-debug: lazy register asset handler texture-cube
2025-9-20 14:49:51-debug: lazy register asset handler erp-texture-cube
2025-9-20 14:49:51-debug: lazy register asset handler render-texture
2025-9-20 14:49:51-debug: lazy register asset handler texture-cube-face
2025-9-20 14:49:51-debug: lazy register asset handler alpha-image
2025-9-20 14:49:51-debug: lazy register asset handler rt-sprite-frame
2025-9-20 14:49:51-debug: lazy register asset handler texture
2025-9-20 14:49:51-debug: lazy register asset handler gltf
2025-9-20 14:49:51-debug: lazy register asset handler gltf-animation
2025-9-20 14:49:51-debug: lazy register asset handler gltf-mesh
2025-9-20 14:49:51-debug: lazy register asset handler gltf-skeleton
2025-9-20 14:49:51-debug: lazy register asset handler gltf-scene
2025-9-20 14:49:51-debug: lazy register asset handler gltf-embeded-image
2025-9-20 14:49:51-debug: lazy register asset handler material
2025-9-20 14:49:51-debug: lazy register asset handler gltf-material
2025-9-20 14:49:51-debug: lazy register asset handler fbx
2025-9-20 14:49:51-debug: lazy register asset handler physics-material
2025-9-20 14:49:51-debug: lazy register asset handler effect
2025-9-20 14:49:51-debug: lazy register asset handler effect-header
2025-9-20 14:49:51-debug: lazy register asset handler animation-clip
2025-9-20 14:49:51-debug: lazy register asset handler animation-graph
2025-9-20 14:49:51-debug: lazy register asset handler animation-graph-variant
2025-9-20 14:49:51-debug: lazy register asset handler animation-mask
2025-9-20 14:49:51-debug: lazy register asset handler audio-clip
2025-9-20 14:49:51-debug: lazy register asset handler bitmap-font
2025-9-20 14:49:51-debug: lazy register asset handler sprite-atlas
2025-9-20 14:49:51-debug: lazy register asset handler particle
2025-9-20 14:49:51-debug: lazy register asset handler auto-atlas
2025-9-20 14:49:51-debug: lazy register asset handler label-atlas
2025-9-20 14:49:51-debug: lazy register asset handler ttf-font
2025-9-20 14:49:51-debug: lazy register asset handler render-stage
2025-9-20 14:49:51-debug: lazy register asset handler render-pipeline
2025-9-20 14:49:51-debug: lazy register asset handler instantiation-material
2025-9-20 14:49:51-debug: lazy register asset handler instantiation-mesh
2025-9-20 14:49:51-debug: lazy register asset handler instantiation-skeleton
2025-9-20 14:49:51-debug: lazy register asset handler instantiation-animation
2025-9-20 14:49:51-debug: lazy register asset handler render-flow
2025-9-20 14:49:51-debug: lazy register asset handler video-clip
2025-9-20 14:49:51-debug: asset-db-hook-engine-extends-afterStartDB (251ms)
2025-9-20 14:49:51-debug: asset-db:start-database (1345ms)
2025-9-20 14:49:51-debug: asset-db:ready (5267ms)
2025-9-20 14:49:51-debug: asset-db:worker-effect-data-processing (251ms)
2025-9-20 14:49:51-debug: init worker message success
2025-9-20 14:49:51-debug: programming:execute-script (2ms)
2025-9-20 14:49:52-debug: [Build Memory track]: builder:worker-init start:317.75MB, end 332.92MB, increase: 15.17MB
2025-9-20 14:49:52-debug: builder:worker-init (365ms)
